  TextureManager.cpp
  Texture.cpp
  Sprite.cpp
  Shape.cpp
  MovementController.cpp
  ImageManager.cpp
  Image.cpp
  GUILabel.cpp
  GUIIcon.cpp
  GUIContainer.cpp
  GUIComponent.cpp
  GLVector.cpp
  GlutWindow.cpp
  GlutSession.cpp
  GameWorld.cpp
  GameWindow.cpp
  GameSession.cpp
  GameObjectType.cpp
  GameObject.cpp
  GameDisplay.cpp
  Generating Code...
  Compiling...
  AnimationManager.cpp
  Animation.cpp
  Generating Code...
  Engine.vcxproj -> C:\Users\Saif\Desktop\Games Tech\Coursework\IN2026 Coursework Code\VC\Asteroids\Debug\..\..\..\lib\Engine.lib
